## SLURM PROLOG ###############################################################
##    Job ID : 12337597
##  Job Name : run_script.sh
##  Nodelist : node120
##      CPUs : 4
##  Mem/Node : 16384 MB
## Directory : /gpfs/data/biol1425/guest319/bayes_intro
##   Started : Fri Mar 25 13:27:16 EDT 2016
###############################################################################
module: loading 'revbayes/Mar2016'

RevBayes version 1.0.0 beta 4 (2016-02-05)

Visit the website www.RevBayes.com for more information about RevBayes.

RevBayes is free software released under the GPL license, version 3. Type 'license()' for details.

To quit RevBayes type 'quit()' or 'q()'.


> source("JukesCantor.Rev")
   Processing file "JukesCantor.Rev"
   Successfully read one character matrix from file 'data/primates_cytb.nex'

   Running MCMC simulation
   This simulation runs 2 independent replicates.
   The simulator uses 45 different moves in a random move schedule with 45 moves per iteration

Iter        |      Posterior   |     Likelihood   |          Prior   |             TL   |    elapsed   |        ETA   |
-----------------------------------------------------------------------------------------------------------------------
0           |       -20448.8   |       -20415.4   |       -33.3695   |        4.75521   |   00:00:00   |   --:--:--   |
1000        |       -15727.4   |       -15711.4   |       -15.9812   |        3.01638   |   00:00:22   |   --:--:--   |
2000        |       -15717.5   |       -15700.9   |       -16.6012   |        3.07837   |   00:00:44   |   00:13:56   |
3000        |         -15719   |       -15702.7   |       -16.3374   |        3.05199   |   00:01:06   |   00:13:34   |
4000        |       -15733.9   |       -15716.5   |       -17.3892   |        3.15717   |   00:01:26   |   00:12:54   |
5000        |       -15725.3   |       -15708.4   |       -16.9231   |        3.11056   |   00:01:48   |   00:12:36   |
6000        |       -15727.5   |       -15711.2   |       -16.3875   |        3.05701   |   00:02:10   |   00:12:16   |
7000        |       -15731.8   |       -15715.6   |       -16.2346   |        3.04171   |   00:02:31   |   00:11:51   |
8000        |       -15726.5   |       -15709.4   |       -17.1355   |        3.13181   |   00:02:53   |   00:11:32   |
9000        |       -15738.6   |       -15721.7   |       -16.8924   |         3.1075   |   00:03:15   |   00:11:11   |
10000       |       -15723.7   |       -15706.7   |       -17.0196   |        3.12021   |   00:03:37   |   00:10:51   |
11000       |       -15726.7   |       -15710.8   |       -15.9169   |        3.00994   |   00:03:57   |   00:10:24   |
12000       |       -15724.9   |       -15708.4   |         -16.46   |        3.06426   |   00:04:18   |   00:10:02   |
13000       |         -15732   |       -15716.7   |       -15.2401   |        2.94226   |   00:04:40   |   00:09:41   |
14000       |       -15727.6   |       -15711.5   |       -16.1377   |        3.03202   |   00:05:02   |   00:09:20   |
15000       |         -15726   |       -15709.9   |       -16.1103   |        3.02929   |   00:05:24   |   00:09:00   |
16000       |       -15725.1   |       -15708.3   |       -16.8604   |        3.10429   |   00:05:46   |   00:08:39   |
17000       |       -15732.4   |       -15715.8   |       -16.5495   |        3.07321   |   00:06:07   |   00:08:16   |
18000       |       -15728.2   |       -15710.8   |        -17.439   |        3.16215   |   00:06:29   |   00:07:55   |
19000       |       -15724.2   |         -15708   |       -16.2595   |         3.0442   |   00:06:51   |   00:07:34   |


Iter        |      Posterior   |     Likelihood   |          Prior   |             TL   |    elapsed   |        ETA   |
-----------------------------------------------------------------------------------------------------------------------
20000       |       -15721.5   |       -15705.6   |         -15.89   |        3.00726   |   00:07:11   |   00:07:11   |
21000       |       -15726.7   |       -15710.2   |       -16.5045   |         3.0687   |   00:07:34   |   00:06:50   |
22000       |         -15723   |       -15706.6   |       -16.3643   |        3.05468   |   00:07:55   |   00:06:28   |
23000       |       -15724.3   |       -15707.9   |        -16.467   |        3.06495   |   00:08:17   |   00:06:07   |
24000       |       -15729.7   |       -15713.4   |       -16.2708   |        3.04533   |   00:08:38   |   00:05:45   |
25000       |         -15722   |       -15705.8   |       -16.1554   |         3.0338   |   00:08:59   |   00:05:23   |
26000       |       -15725.1   |       -15708.6   |       -16.4545   |        3.06371   |   00:09:20   |   00:05:01   |
27000       |         -15734   |       -15717.3   |       -16.7592   |        3.09418   |   00:09:42   |   00:04:40   |
28000       |       -15733.9   |       -15718.2   |       -15.7488   |        2.99313   |   00:10:03   |   00:04:18   |
29000       |       -15716.7   |       -15701.2   |       -15.5011   |        2.96836   |   00:10:25   |   00:03:57   |
30000       |       -15727.6   |         -15711   |       -16.6088   |        3.07913   |   00:10:46   |   00:03:35   |
31000       |         -15727   |       -15710.8   |       -16.2671   |        3.04496   |   00:11:08   |   00:03:13   |
32000       |       -15723.1   |       -15706.9   |       -16.1787   |        3.03612   |   00:11:29   |   00:02:52   |
33000       |       -15721.6   |       -15705.6   |       -15.9707   |        3.01533   |   00:11:50   |   00:02:30   |
34000       |         -15735   |       -15718.6   |       -16.4331   |        3.06156   |   00:12:12   |   00:02:09   |
35000       |       -15730.6   |       -15714.9   |       -15.7141   |        2.98967   |   00:12:33   |   00:01:47   |
36000       |       -15718.4   |       -15703.4   |       -15.0436   |        2.92261   |   00:12:55   |   00:01:26   |
37000       |       -15724.5   |       -15708.1   |       -16.3723   |        3.05549   |   00:13:16   |   00:01:04   |
38000       |       -15727.7   |       -15711.6   |       -16.0731   |        3.02556   |   00:13:38   |   00:00:43   |
39000       |       -15734.2   |       -15717.3   |       -16.9126   |        3.10951   |   00:14:00   |   00:00:21   |


Iter        |      Posterior   |     Likelihood   |          Prior   |             TL   |    elapsed   |        ETA   |
-----------------------------------------------------------------------------------------------------------------------
40000       |       -15718.6   |         -15702   |       -16.6757   |        3.08582   |   00:14:22   |   00:00:00   |
   Processing file "output/primates_cytb_JC_run_1.trees"
   Processing file "output/primates_cytb_JC_run_2.trees"
   Compiling MAP tree from 4001 trees in tree trace, using a burnin of 1000 trees.
   Compiling 95% HPD node ages from 4001 total trees in tree trace, using a burnin of 1000 trees.
   Annotating tree ...
   Compiling MAP tree from 4001 trees in tree trace, using a burnin of 1000 trees.
   Compiling 95% HPD node ages from 4001 total trees in tree trace, using a burnin of 1000 trees.
   Annotating tree ...

RevBayes version 1.0.0 beta 4 (2016-02-05)

Visit the website www.RevBayes.com for more information about RevBayes.

RevBayes is free software released under the GPL license, version 3. Type 'license()' for details.

To quit RevBayes type 'quit()' or 'q()'.


> source("GTR_Gamma.Rev")
   Processing file "GTR_Gamma.Rev"
   Successfully read one character matrix from file 'data/primates_cytb.nex'

   Running MCMC simulation
   This simulation runs 2 independent replicates.
   The simulator uses 48 different moves in a random move schedule with 52 moves per iteration

Iter        |      Posterior   |     Likelihood   |          Prior   |             TL   |    elapsed   |        ETA   |
-----------------------------------------------------------------------------------------------------------------------
0           |       -21487.3   |       -21458.4   |        -28.848   |        4.52825   |   00:00:00   |   --:--:--   |
1000        |       -13140.5   |         -13092   |       -48.5455   |        6.62964   |   00:01:24   |   --:--:--   |
2000        |       -13148.1   |       -13087.3   |       -60.7616   |        7.85125   |   00:02:48   |   00:53:12   |
3000        |       -13156.4   |       -13083.4   |       -72.9885   |        9.07423   |   00:04:12   |   00:51:48   |
4000        |       -13157.5   |       -13091.4   |       -66.0773   |        8.38295   |   00:05:37   |   00:50:33   |
5000        |       -13146.5   |       -13087.9   |       -58.6432   |        7.63952   |   00:07:02   |   00:49:14   |
6000        |       -13151.7   |       -13102.1   |       -49.5857   |        6.73366   |   00:08:26   |   00:47:47   |
7000        |       -13152.3   |       -13090.3   |       -62.0203   |        7.97721   |   00:09:50   |   00:46:21   |
8000        |       -13157.4   |       -13091.6   |       -65.7643   |        8.35173   |   00:11:15   |   00:45:00   |
9000        |       -13157.4   |       -13092.9   |         -64.51   |        8.22625   |   00:12:39   |   00:43:34   |
10000       |       -13157.2   |       -13087.1   |       -70.0718   |        8.78248   |   00:14:04   |   00:42:12   |
11000       |       -13154.7   |       -13089.2   |       -65.5031   |        8.32563   |   00:15:28   |   00:40:46   |
12000       |       -13153.7   |       -13093.3   |       -60.4062   |        7.81578   |   00:16:52   |   00:39:21   |
13000       |       -13150.5   |       -13080.2   |       -70.3281   |        8.80803   |   00:18:15   |   00:37:54   |
14000       |       -13148.1   |       -13111.5   |       -36.5623   |        5.43108   |   00:19:40   |   00:36:31   |
15000       |       -13162.8   |       -13101.2   |       -61.5776   |        7.93285   |   00:21:05   |   00:35:08   |
16000       |       -13152.2   |       -13099.9   |        -52.311   |        7.00624   |   00:22:29   |   00:33:43   |
17000       |       -13157.3   |       -13087.4   |       -69.8484   |        8.76002   |   00:23:52   |   00:32:17   |
18000       |       -13148.8   |       -13085.7   |       -63.1766   |        8.09284   |   00:25:17   |   00:30:54   |
19000       |         -13157   |       -13101.7   |       -55.3733   |        7.31246   |   00:26:41   |   00:29:29   |


Iter        |      Posterior   |     Likelihood   |          Prior   |             TL   |    elapsed   |        ETA   |
-----------------------------------------------------------------------------------------------------------------------
20000       |       -13158.5   |       -13096.3   |       -62.1823   |        7.99348   |   00:28:05   |   00:28:05   |
21000       |       -13136.5   |       -13097.3   |       -39.1763   |        5.69272   |   00:29:28   |   00:26:39   |
22000       |       -13157.5   |       -13082.4   |       -75.1267   |        9.28795   |   00:30:52   |   00:25:15   |
23000       |       -13155.5   |       -13094.3   |       -61.2076   |        7.89603   |   00:32:15   |   00:23:50   |
24000       |         -13159   |       -13089.9   |       -69.0564   |        8.68093   |   00:33:39   |   00:22:26   |
25000       |       -13137.7   |       -13094.9   |         -42.87   |         6.0621   |   00:35:03   |   00:21:01   |
26000       |       -13167.7   |       -13100.2   |       -67.5424   |        8.52943   |   00:36:27   |   00:19:37   |
27000       |         -13147   |       -13085.2   |       -61.7911   |        7.95427   |   00:37:51   |   00:18:13   |
28000       |       -13153.1   |       -13084.2   |        -68.934   |        8.66871   |   00:39:16   |   00:16:49   |
29000       |       -13149.7   |       -13092.5   |       -57.1471   |           7.49   |   00:40:39   |   00:15:25   |
30000       |       -13157.3   |       -13089.7   |       -67.5899   |        8.53416   |   00:42:01   |   00:14:00   |
31000       |       -13150.2   |       -13094.3   |       -55.9288   |         7.3681   |   00:43:26   |   00:12:36   |
32000       |       -13157.2   |       -13092.8   |       -64.4053   |        8.21571   |   00:44:49   |   00:11:12   |
33000       |       -13159.5   |       -13087.8   |       -71.6521   |        8.94042   |   00:46:13   |   00:09:48   |
34000       |       -13150.2   |       -13088.5   |       -61.7294   |        7.94808   |   00:47:35   |   00:08:23   |
35000       |       -13150.1   |       -13092.9   |       -57.1965   |        7.49481   |   00:48:58   |   00:06:59   |
36000       |         -13158   |       -13089.9   |        -68.179   |        8.59315   |   00:50:22   |   00:05:35   |
37000       |       -13155.1   |       -13088.9   |       -66.2026   |        8.39542   |   00:51:45   |   00:04:11   |
38000       |       -13163.3   |       -13105.4   |       -57.9673   |        7.57187   |   00:53:08   |   00:02:47   |
39000       |       -13158.5   |       -13087.9   |       -70.6388   |        8.83908   |   00:54:31   |   00:01:23   |


Iter        |      Posterior   |     Likelihood   |          Prior   |             TL   |    elapsed   |        ETA   |
-----------------------------------------------------------------------------------------------------------------------
40000       |       -13157.7   |       -13086.4   |       -71.3183   |        8.90709   |   00:55:54   |   00:00:00   |
   Processing file "output/primates_cytb_GTR_Gamma_run_1.trees"
   Processing file "output/primates_cytb_GTR_Gamma_run_2.trees"
   Compiling MAP tree from 4001 trees in tree trace, using a burnin of 1000 trees.
   Compiling 95% HPD node ages from 4001 total trees in tree trace, using a burnin of 1000 trees.
   Annotating tree ...
   Compiling MAP tree from 4001 trees in tree trace, using a burnin of 1000 trees.
   Compiling 95% HPD node ages from 4001 total trees in tree trace, using a burnin of 1000 trees.
   Annotating tree ...

RevBayes version 1.0.0 beta 4 (2016-02-05)

Visit the website www.RevBayes.com for more information about RevBayes.

RevBayes is free software released under the GPL license, version 3. Type 'license()' for details.

To quit RevBayes type 'quit()' or 'q()'.


> source("GTR_GammaEmpty.Rev")
   Processing file "GTR_GammaEmpty.Rev"
   Successfully read one character matrix from file 'data/primates_cytb.nex'

   Running prior MCMC simulation
   This simulation runs 2 independent replicates.
   The simulator uses 48 different moves in a random move schedule with 52 moves per iteration

Iter        |      Posterior   |     Likelihood   |          Prior   |             TL   |    elapsed   |        ETA   |
-----------------------------------------------------------------------------------------------------------------------
0           |        -18.195   |              0   |        -18.195   |        3.53083   |   00:00:00   |   --:--:--   |

Iter        |      Posterior   |     Likelihood   |          Prior   |             TL   |    elapsed   |        ETA   |
-----------------------------------------------------------------------------------------------------------------------
0           |        -18.195   |              0   |        -18.195   |        3.53083   |   00:00:00   |   --:--:--   |
1000        |       -36.6132   |              0   |       -36.6132   |        5.31277   |   00:00:00   |   --:--:--   |
1000        |       -33.3441   |              0   |       -33.3441   |        4.84635   |   00:00:00   |   --:--:--   |
2000        |       -16.0801   |              0   |       -16.0801   |        3.18281   |   00:00:01   |   00:00:19   |
2000        |       -20.6046   |              0   |       -20.6046   |        3.71337   |   00:00:01   |   00:00:19   |
3000        |       -26.5651   |              0   |       -26.5651   |        3.90813   |   00:00:01   |   00:00:12   |
3000        |       -28.1871   |              0   |       -28.1871   |        4.40719   |   00:00:01   |   00:00:12   |
4000        |       -36.5782   |              0   |       -36.5782   |         5.3157   |   00:00:01   |   00:00:09   |
4000        |       -25.5466   |              0   |       -25.5466   |        4.17492   |   00:00:01   |   00:00:09   |
5000        |       -26.9687   |              0   |       -26.9687   |        4.39239   |   00:00:01   |   00:00:07   |
5000        |       -32.3542   |              0   |       -32.3542   |        4.30263   |   00:00:01   |   00:00:07   |
6000        |        -37.344   |              0   |        -37.344   |        5.33607   |   00:00:02   |   00:00:11   |
6000        |       -23.1616   |              0   |       -23.1616   |        3.96986   |   00:00:02   |   00:00:11   |
7000        |       -21.4171   |              0   |       -21.4171   |        3.91421   |   00:00:02   |   00:00:09   |
7000        |       -23.5562   |              0   |       -23.5562   |        4.05555   |   00:00:02   |   00:00:09   |
8000        |       -30.1073   |              0   |       -30.1073   |        4.43836   |   00:00:02   |   00:00:08   |
8000        |        -27.338   |              0   |        -27.338   |        4.45143   |   00:00:02   |   00:00:08   |
9000        |       -36.6827   |              0   |       -36.6827   |         5.3736   |   00:00:02   |   00:00:06   |
9000        |       -35.7417   |              0   |       -35.7417   |        5.32565   |   00:00:02   |   00:00:06   |
10000       |       -28.6358   |              0   |       -28.6358   |         4.6103   |   00:00:03   |   00:00:09   |
10000       |        -41.903   |              0   |        -41.903   |        5.83187   |   00:00:03   |   00:00:09   |
11000       |       -24.2774   |              0   |       -24.2774   |        4.18203   |   00:00:03   |   00:00:07   |
11000       |        -37.456   |              0   |        -37.456   |         5.3406   |   00:00:03   |   00:00:07   |
12000       |       -28.8821   |              0   |       -28.8821   |        4.49309   |   00:00:03   |   00:00:07   |
12000       |       -17.7738   |              0   |       -17.7738   |        3.52825   |   00:00:03   |   00:00:07   |
13000       |       -21.2269   |              0   |       -21.2269   |        3.83032   |   00:00:03   |   00:00:06   |
13000       |        -26.815   |              0   |        -26.815   |        4.30477   |   00:00:03   |   00:00:06   |
14000       |       -27.3019   |              0   |       -27.3019   |        4.36287   |   00:00:04   |   00:00:07   |
14000       |       -23.6105   |              0   |       -23.6105   |         4.0616   |   00:00:04   |   00:00:07   |
15000       |       -23.7608   |              0   |       -23.7608   |        4.01637   |   00:00:04   |   00:00:06   |
15000       |        -27.104   |              0   |        -27.104   |        4.31206   |   00:00:04   |   00:00:06   |
16000       |       -19.9642   |              0   |       -19.9642   |        3.71508   |   00:00:04   |   00:00:06   |
16000       |       -22.4422   |              0   |       -22.4422   |        3.91604   |   00:00:04   |   00:00:06   |
17000       |       -11.7264   |              0   |       -11.7264   |        2.91347   |   00:00:04   |   00:00:05   |
17000       |       -26.5176   |              0   |       -26.5176   |        4.41641   |   00:00:04   |   00:00:05   |
18000       |       -31.3354   |              0   |       -31.3354   |        4.81597   |   00:00:05   |   00:00:06   |
18000       |       -21.5339   |              0   |       -21.5339   |        3.80713   |   00:00:05   |   00:00:06   |
19000       |       -32.2318   |              0   |       -32.2318   |        4.99607   |   00:00:05   |   00:00:05   |
19000       |       -40.9827   |              0   |       -40.9827   |        5.81738   |   00:00:05   |   00:00:05   |


Iter        |      Posterior   |     Likelihood   |          Prior   |             TL   |    elapsed   |        ETA   |
-----------------------------------------------------------------------------------------------------------------------
20000       |         -31.04   |              0   |         -31.04   |        4.87585   |   00:00:05   |   00:00:05   |


Iter        |      Posterior   |     Likelihood   |          Prior   |             TL   |    elapsed   |        ETA   |
-----------------------------------------------------------------------------------------------------------------------
20000       |       -42.1777   |              0   |       -42.1777   |         5.9942   |   00:00:05   |   00:00:05   |
21000       |       -23.0769   |              0   |       -23.0769   |        4.05726   |   00:00:05   |   00:00:04   |
21000       |       -30.5427   |              0   |       -30.5427   |        4.69209   |   00:00:05   |   00:00:04   |
22000       |       -15.0502   |              0   |       -15.0502   |        3.21561   |   00:00:06   |   00:00:04   |
22000       |       -20.7924   |              0   |       -20.7924   |        3.77657   |   00:00:06   |   00:00:04   |
23000       |       -23.7705   |              0   |       -23.7705   |        3.86635   |   00:00:06   |   00:00:04   |
23000       |       -21.1831   |              0   |       -21.1831   |        3.89372   |   00:00:06   |   00:00:04   |
24000       |        -19.951   |              0   |        -19.951   |        3.75325   |   00:00:06   |   00:00:04   |
24000       |       -15.0485   |              0   |       -15.0485   |        3.22635   |   00:00:06   |   00:00:04   |
25000       |       -34.1871   |              0   |       -34.1871   |        5.19013   |   00:00:06   |   00:00:03   |
25000       |        -30.435   |              0   |        -30.435   |        4.81032   |   00:00:06   |   00:00:03   |
26000       |       -32.6724   |              0   |       -32.6724   |         5.0092   |   00:00:07   |   00:00:03   |
26000       |       -25.5214   |              0   |       -25.5214   |        4.19956   |   00:00:07   |   00:00:03   |
27000       |       -18.6445   |              0   |       -18.6445   |        3.58815   |   00:00:07   |   00:00:03   |
27000       |       -22.0745   |              0   |       -22.0745   |        3.93978   |   00:00:07   |   00:00:03   |
28000       |       -21.2206   |              0   |       -21.2206   |        3.88319   |   00:00:07   |   00:00:03   |
28000       |       -22.9556   |              0   |       -22.9556   |        3.95294   |   00:00:07   |   00:00:03   |
29000       |       -23.3231   |              0   |       -23.3231   |        3.88749   |   00:00:07   |   00:00:02   |
29000       |         -25.27   |              0   |         -25.27   |        4.18465   |   00:00:07   |   00:00:02   |
30000       |       -18.7152   |              0   |       -18.7152   |        3.49012   |   00:00:08   |   00:00:02   |
30000       |       -30.7076   |              0   |       -30.7076   |        4.57681   |   00:00:08   |   00:00:02   |
31000       |       -16.6443   |              0   |       -16.6443   |        3.41864   |   00:00:08   |   00:00:02   |
31000       |       -29.2535   |              0   |       -29.2535   |        4.66446   |   00:00:08   |   00:00:02   |
32000       |       -34.4172   |              0   |       -34.4172   |        4.50637   |   00:00:08   |   00:00:02   |
32000       |       -18.2187   |              0   |       -18.2187   |        3.58898   |   00:00:08   |   00:00:02   |
33000       |       -26.4727   |              0   |       -26.4727   |        4.32794   |   00:00:08   |   00:00:01   |
33000       |       -17.7963   |              0   |       -17.7963   |        3.33364   |   00:00:08   |   00:00:01   |
34000       |       -11.5935   |              0   |       -11.5935   |        2.88122   |   00:00:09   |   00:00:01   |
34000       |       -25.4042   |              0   |       -25.4042   |        4.26929   |   00:00:09   |   00:00:01   |
35000       |        -18.436   |              0   |        -18.436   |        3.57268   |   00:00:09   |   00:00:01   |
35000       |       -20.5178   |              0   |       -20.5178   |        3.60895   |   00:00:09   |   00:00:01   |
36000       |       -27.2573   |              0   |       -27.2573   |        4.43072   |   00:00:09   |   00:00:01   |
36000       |       -21.9386   |              0   |       -21.9386   |        3.96077   |   00:00:09   |   00:00:01   |
37000       |       -35.3381   |              0   |       -35.3381   |        5.27195   |   00:00:09   |   00:00:00   |
37000       |       -20.3604   |              0   |       -20.3604   |        3.78086   |   00:00:09   |   00:00:00   |
38000       |       -19.1569   |              0   |       -19.1569   |        3.53301   |   00:00:10   |   00:00:00   |
38000       |       -24.8456   |              0   |       -24.8456   |        4.16156   |   00:00:10   |   00:00:00   |
39000       |       -21.5869   |              0   |       -21.5869   |        3.81401   |   00:00:10   |   00:00:00   |
39000       |       -26.6132   |              0   |       -26.6132   |        4.43255   |   00:00:10   |   00:00:00   |


Iter        |      Posterior   |     Likelihood   |          Prior   |             TL   |    elapsed   |        ETA   |
-----------------------------------------------------------------------------------------------------------------------
40000       |        -23.589   |              0   |        -23.589   |        3.98021   |   00:00:10   |   00:00:00   |


Iter        |      Posterior   |     Likelihood   |          Prior   |             TL   |    elapsed   |        ETA   |
-----------------------------------------------------------------------------------------------------------------------
40000       |       -32.9603   |              0   |       -32.9603   |        4.95439   |   00:00:10   |   00:00:00   |
   Processing file "output/primates_cytb_GTR_Gamma_empty_run_1.trees"
   Processing file "output/primates_cytb_GTR_Gamma_empty_run_2.trees"

RevBayes version 1.0.0 beta 4 (2016-02-05)

Visit the website www.RevBayes.com for more information about RevBayes.

RevBayes is free software released under the GPL license, version 3. Type 'license()' for details.

To quit RevBayes type 'quit()' or 'q()'.


> source("GTR_Gamma_Revised.Rev")
   Processing file "GTR_Gamma_Revised.Rev"
   Successfully read one character matrix from file 'data/primates_cytb.nex'

   Running MCMC simulation
   This simulation runs 2 independent replicates.
   The simulator uses 48 different moves in a random move schedule with 52 moves per iteration

Iter        |      Posterior   |     Likelihood   |          Prior   |             TL   |    elapsed   |        ETA   |
-----------------------------------------------------------------------------------------------------------------------
0           |       -24435.3   |       -24417.5   |       -17.8632   |        3.37879   |   00:00:00   |   --:--:--   |
1000        |       -13152.8   |       -13087.1   |       -65.7424   |        8.41727   |   00:01:30   |   --:--:--   |
2000        |       -13147.5   |         -13084   |       -63.4241   |        8.18559   |   00:03:00   |   00:57:00   |
3000        |       -13150.4   |       -13087.4   |       -63.0095   |        8.14425   |   00:04:31   |   00:55:42   |
4000        |       -13152.3   |       -13083.3   |       -68.9405   |        8.73736   |   00:06:01   |   00:54:09   |
5000        |       -13158.7   |       -13102.3   |       -56.3565   |        7.47877   |   00:07:32   |   00:52:44   |
6000        |       -13169.5   |       -13085.7   |        -83.767   |        10.2201   |   00:09:03   |   00:51:17   |
7000        |       -13156.8   |       -13094.9   |       -61.8515   |        8.02835   |   00:10:35   |   00:49:53   |
8000        |       -13156.4   |         -13090   |       -66.4614   |        8.48935   |   00:12:06   |   00:48:24   |
9000        |         -13149   |       -13090.5   |       -58.5722   |        7.70036   |   00:13:45   |   00:47:21   |
10000       |       -13155.6   |       -13092.1   |       -63.5556   |        8.19867   |   00:15:22   |   00:46:06   |
11000       |       -13150.4   |       -13098.5   |       -51.8705   |        7.03004   |   00:17:01   |   00:44:51   |
12000       |       -13164.5   |       -13106.5   |       -57.9603   |        7.63919   |   00:18:39   |   00:43:31   |
13000       |       -13156.7   |       -13099.7   |       -56.9466   |        7.53766   |   00:20:13   |   00:41:59   |
14000       |       -13157.9   |       -13086.8   |       -71.1679   |        8.95998   |   00:21:47   |   00:40:27   |
15000       |       -13156.2   |       -13090.8   |       -65.4056   |        8.38366   |   00:23:25   |   00:39:01   |
16000       |         -13152   |       -13088.5   |       -63.4874   |        8.19201   |   00:25:04   |   00:37:36   |
17000       |       -13150.1   |       -13089.4   |       -60.6717   |        7.91033   |   00:26:39   |   00:36:03   |
18000       |       -13165.5   |       -13096.5   |       -68.9632   |        8.73965   |   00:28:11   |   00:34:26   |
19000       |       -13147.6   |         -13085   |       -62.5821   |        8.10139   |   00:29:42   |   00:32:49   |


Iter        |      Posterior   |     Likelihood   |          Prior   |             TL   |    elapsed   |        ETA   |
-----------------------------------------------------------------------------------------------------------------------
20000       |       -13141.5   |       -13096.1   |       -45.4899   |        6.39194   |   00:31:13   |   00:31:13   |
21000       |       -13154.4   |       -13098.3   |       -56.1522   |        7.45843   |   00:32:45   |   00:29:37   |
22000       |       -13152.7   |       -13093.3   |       -59.3867   |        7.78191   |   00:34:17   |   00:28:02   |
23000       |       -13149.3   |       -13088.5   |       -60.7185   |        7.91486   |   00:35:48   |   00:26:27   |
24000       |       -13164.9   |       -13101.5   |       -63.4234   |        8.18556   |   00:37:26   |   00:24:57   |
25000       |         -13146   |       -13086.8   |       -59.1853   |        7.76185   |   00:38:59   |   00:23:23   |
26000       |       -13150.4   |       -13093.8   |       -56.5428   |        7.49732   |   00:40:30   |   00:21:48   |
27000       |       -13152.9   |       -13091.7   |       -61.1688   |        7.95976   |   00:42:02   |   00:20:14   |
28000       |       -13149.7   |       -13089.8   |       -59.8195   |        7.82498   |   00:43:34   |   00:18:40   |
29000       |       -13159.5   |       -13101.9   |       -57.6044   |        7.60365   |   00:45:15   |   00:17:09   |
30000       |       -13161.9   |       -13098.9   |       -63.0664   |        8.14967   |   00:46:55   |   00:15:38   |
31000       |       -13159.9   |       -13077.7   |       -82.1354   |        10.0569   |   00:48:33   |   00:14:05   |
32000       |       -13146.9   |         -13085   |       -61.8462   |        8.02768   |   00:50:10   |   00:12:32   |
33000       |       -13153.7   |         -13091   |       -62.7262   |        8.11557   |   00:51:41   |   00:10:57   |
34000       |       -13156.2   |         -13085   |       -71.2294   |        8.96613   |   00:53:12   |   00:09:23   |
35000       |       -13159.1   |       -13080.9   |       -78.2089   |        9.66423   |   00:54:47   |   00:07:49   |
36000       |         -13148   |       -13096.1   |       -51.9182   |        7.03479   |   00:56:18   |   00:06:15   |
37000       |         -13159   |       -13101.7   |       -57.3219   |         7.5753   |   00:57:56   |   00:04:41   |
38000       |       -13164.5   |       -13094.4   |        -70.119   |         8.8551   |   00:59:35   |   00:03:08   |
39000       |       -13160.6   |       -13096.4   |       -64.2189   |        8.26522   |   01:01:14   |   00:01:34   |


Iter        |      Posterior   |     Likelihood   |          Prior   |             TL   |    elapsed   |        ETA   |
-----------------------------------------------------------------------------------------------------------------------
40000       |       -13155.4   |       -13083.9   |       -71.4297   |        8.98594   |   01:02:55   |   00:00:00   |
   Processing file "output/primates_cytb_GTR_Gamma_Revised_run_1.trees"
   Processing file "output/primates_cytb_GTR_Gamma_Revised_run_2.trees"
   Compiling MAP tree from 4001 trees in tree trace, using a burnin of 1000 trees.
   Compiling 95% HPD node ages from 4001 total trees in tree trace, using a burnin of 1000 trees.
   Annotating tree ...
   Compiling MAP tree from 4001 trees in tree trace, using a burnin of 1000 trees.
   Compiling 95% HPD node ages from 4001 total trees in tree trace, using a burnin of 1000 trees.
   Annotating tree ...
