## SLURM PROLOG ###############################################################
##    Job ID : 12323491
##  Job Name : batch1.sh
##  Nodelist : node137
##      CPUs : 4
##  Mem/Node : 16384 MB
## Directory : /gpfs/scratch/guest382/bayes_intro
##   Started : Thu Mar 24 15:25:11 EDT 2016
###############################################################################
module: loading 'git/2.2.1'
module: loading 'revbayes/Mar2016'

RevBayes version 1.0.0 beta 4 (2016-02-05)

Visit the website www.RevBayes.com for more information about RevBayes.

RevBayes is free software released under the GPL license, version 3. Type 'license()' for details.

To quit RevBayes type 'quit()' or 'q()'.


> source("GTR_Gamma.Rev")
   Processing file "GTR_Gamma.Rev"
   Successfully read one character matrix from file 'data/primates_cytb.nex'

   Running MCMC simulation
   This simulation runs 2 independent replicates.
   The simulator uses 48 different moves in a random move schedule with 52 moves per iteration

Iter        |      Posterior   |     Likelihood   |          Prior   |             TL   |    elapsed   |        ETA   |
-----------------------------------------------------------------------------------------------------------------------
0           |       -19966.3   |       -19940.8   |       -25.5136   |        4.27478   |   00:00:00   |   --:--:--   |
1000        |       -13155.3   |       -13091.7   |       -63.5593   |        8.13114   |   00:01:31   |   --:--:--   |
2000        |         -13162   |       -13089.7   |       -72.3202   |         9.0074   |   00:04:23   |   01:23:17   |
3000        |       -13160.1   |       -13089.2   |        -70.941   |        8.86937   |   00:06:24   |   01:18:56   |
4000        |       -13157.4   |       -13101.3   |        -56.126   |        7.38782   |   00:09:28   |   01:25:12   |
5000        |       -13154.8   |       -13088.1   |       -66.7501   |        8.45024   |   00:11:15   |   01:18:45   |
6000        |       -13165.1   |       -13100.9   |       -64.2631   |        8.20152   |   00:14:28   |   01:21:58   |
7000        |       -13163.6   |       -13081.9   |       -81.7615   |        9.95146   |   00:19:02   |   01:29:43   |
8000        |         -13159   |       -13094.6   |        -64.488   |        8.22406   |   00:21:13   |   01:24:52   |
9000        |       -13158.9   |       -13086.2   |       -72.7189   |        9.04722   |   00:22:59   |   01:19:09   |
10000       |       -13155.2   |       -13094.9   |       -60.2872   |        7.80379   |   00:24:59   |   01:14:57   |
11000       |       -13145.9   |       -13080.4   |       -65.5105   |         8.3262   |   00:26:49   |   01:10:41   |
12000       |         -13152   |       -13076.3   |       -75.6842   |        9.34369   |   00:28:17   |   01:05:59   |
13000       |       -13152.6   |         -13098   |       -54.5367   |        7.22886   |   00:30:23   |   01:03:06   |
14000       |       -13154.7   |       -13095.8   |       -58.8894   |        7.66422   |   00:32:19   |   01:00:01   |
15000       |       -13160.4   |       -13089.4   |       -71.0409   |        8.87938   |   00:34:03   |   00:56:45   |
16000       |       -13159.8   |       -13106.1   |       -53.6785   |        7.14301   |   00:35:49   |   00:53:43   |
17000       |       -13160.4   |       -13091.8   |       -68.6729   |        8.64253   |   00:37:28   |   00:50:41   |
18000       |       -13143.6   |       -13085.7   |       -57.8965   |        7.56481   |   00:39:05   |   00:47:46   |
19000       |       -13159.3   |       -13085.4   |       -73.8974   |        9.16498   |   00:40:53   |   00:45:11   |


Iter        |      Posterior   |     Likelihood   |          Prior   |             TL   |    elapsed   |        ETA   |
-----------------------------------------------------------------------------------------------------------------------
20000       |       -13152.4   |         -13108   |       -44.4218   |        6.21732   |   00:42:35   |   00:42:35   |
21000       |       -13163.3   |       -13090.6   |       -72.7431   |        9.04947   |   00:44:13   |   00:40:00   |
22000       |       -13155.5   |       -13097.8   |       -57.7591   |        7.55121   |   00:45:59   |   00:37:37   |
23000       |         -13150   |       -13096.7   |       -53.2513   |        7.10029   |   00:47:33   |   00:35:08   |
24000       |       -13145.8   |       -13098.8   |       -46.9381   |        6.46898   |   00:49:35   |   00:33:03   |
25000       |       -13159.1   |       -13101.2   |       -57.8557   |        7.56069   |   00:51:22   |   00:30:49   |
26000       |       -13160.5   |         -13104   |       -56.4553   |        7.42062   |   00:53:06   |   00:28:35   |
27000       |       -13156.6   |       -13092.8   |       -63.7892   |        8.15413   |   00:54:41   |   00:26:19   |
28000       |       -13158.5   |       -13091.5   |       -67.0551   |        8.48076   |   00:56:31   |   00:24:13   |
29000       |       -13148.3   |       -13090.7   |       -57.6062   |        7.53592   |   00:58:29   |   00:22:11   |
30000       |       -13150.5   |       -13079.5   |       -71.0106   |        8.87632   |   01:00:00   |   00:20:00   |
31000       |       -13159.2   |         -13098   |       -61.1827   |        7.89348   |   01:03:10   |   00:18:20   |
32000       |       -13149.6   |       -13088.4   |       -61.1807   |        7.89332   |   01:11:59   |   00:17:59   |
33000       |       -13152.3   |       -13085.6   |       -66.7502   |        8.45026   |   01:22:50   |   00:17:34   |
34000       |         -13148   |         -13103   |       -44.9816   |        6.27331   |   01:34:22   |   00:16:39   |
35000       |       -13163.3   |       -13085.8   |       -77.4953   |         9.5249   |   01:46:33   |   00:15:13   |
36000       |       -13152.3   |       -13086.9   |       -65.3685   |        8.31213   |   02:01:34   |   00:13:30   |
37000       |       -13159.4   |         -13092   |       -67.4404   |        8.51929   |   02:14:23   |   00:10:53   |
38000       |       -13169.1   |       -13091.5   |       -77.5632   |        9.53163   |   02:20:44   |   00:07:24   |
39000       |       -13151.1   |       -13095.1   |       -55.9568   |        7.37087   |   02:22:10   |   00:03:38   |


Iter        |      Posterior   |     Likelihood   |          Prior   |             TL   |    elapsed   |        ETA   |
-----------------------------------------------------------------------------------------------------------------------
40000       |       -13141.9   |       -13081.9   |       -59.9454   |         7.7696   |   02:23:40   |   00:00:00   |
   Processing file "output/primates_cytb_GTR_Gamma_run_1.trees"
   Processing file "output/primates_cytb_GTR_Gamma_run_2.trees"
   Compiling MAP tree from 4001 trees in tree trace, using a burnin of 1000 trees.
   Compiling 95% HPD node ages from 4001 total trees in tree trace, using a burnin of 1000 trees.
   Annotating tree ...
   Compiling MAP tree from 4001 trees in tree trace, using a burnin of 1000 trees.
   Compiling 95% HPD node ages from 4001 total trees in tree trace, using a burnin of 1000 trees.
   Annotating tree ...

RevBayes version 1.0.0 beta 4 (2016-02-05)

Visit the website www.RevBayes.com for more information about RevBayes.

RevBayes is free software released under the GPL license, version 3. Type 'license()' for details.

To quit RevBayes type 'quit()' or 'q()'.


> source("GTR_GammaEmpty.Rev")
   Processing file "GTR_GammaEmpty.Rev"
   Successfully read one character matrix from file 'data/primates_cytb.nex'

   Running prior MCMC simulation
   This simulation runs 2 independent replicates.
   The simulator uses 48 different moves in a random move schedule with 52 moves per iteration

Iter        |      Posterior   |     Likelihood   |          Prior   |             TL   |    elapsed   |        ETA   |
-----------------------------------------------------------------------------------------------------------------------
0           |       -25.4976   |              0   |       -25.4976   |         4.1473   |   00:00:00   |   --:--:--   |

Iter        |      Posterior   |     Likelihood   |          Prior   |             TL   |    elapsed   |        ETA   |
-----------------------------------------------------------------------------------------------------------------------
0           |       -25.4976   |              0   |       -25.4976   |         4.1473   |   00:00:00   |   --:--:--   |
1000        |       -39.5127   |              0   |       -39.5127   |        5.47697   |   00:00:00   |   --:--:--   |
1000        |       -16.6823   |              0   |       -16.6823   |         3.3783   |   00:00:00   |   --:--:--   |
2000        |       -24.2414   |              0   |       -24.2414   |        4.18424   |   00:00:00   |   00:00:00   |
2000        |       -18.9177   |              0   |       -18.9177   |        3.58866   |   00:00:00   |   00:00:00   |
3000        |       -41.0478   |              0   |       -41.0478   |        5.73008   |   00:00:00   |   00:00:00   |
3000        |        -22.191   |              0   |        -22.191   |        3.97005   |   00:00:00   |   00:00:00   |
4000        |       -30.1387   |              0   |       -30.1387   |        4.72741   |   00:00:01   |   00:00:09   |
4000        |        -20.147   |              0   |        -20.147   |        3.62075   |   00:00:01   |   00:00:09   |
5000        |       -19.0127   |              0   |       -19.0127   |        3.66911   |   00:00:01   |   00:00:07   |
5000        |       -21.1716   |              0   |       -21.1716   |        3.78947   |   00:00:01   |   00:00:07   |
6000        |       -33.0611   |              0   |       -33.0611   |         5.0584   |   00:00:01   |   00:00:05   |
6000        |       -39.0293   |              0   |       -39.0293   |         5.5932   |   00:00:01   |   00:00:05   |
7000        |       -21.8566   |              0   |       -21.8566   |        3.86156   |   00:00:01   |   00:00:04   |
7000        |       -16.1851   |              0   |       -16.1851   |        3.34351   |   00:00:01   |   00:00:04   |
8000        |       -25.1931   |              0   |       -25.1931   |        4.27906   |   00:00:08   |   00:00:32   |
8000        |       -38.9925   |              0   |       -38.9925   |        5.46204   |   00:00:08   |   00:00:32   |
9000        |       -14.8854   |              0   |       -14.8854   |        3.14837   |   00:00:08   |   00:00:27   |
9000        |       -42.0469   |              0   |       -42.0469   |        5.93255   |   00:00:08   |   00:00:27   |
10000       |       -38.3279   |              0   |       -38.3279   |        5.47816   |   00:00:09   |   00:00:27   |
10000       |       -33.2058   |              0   |       -33.2058   |        4.88839   |   00:00:09   |   00:00:27   |
11000       |         -19.33   |              0   |         -19.33   |         3.6896   |   00:00:09   |   00:00:23   |
11000       |        -29.486   |              0   |        -29.486   |        4.63018   |   00:00:09   |   00:00:23   |
12000       |       -43.5531   |              0   |       -43.5531   |        6.12093   |   00:00:09   |   00:00:21   |
12000       |       -39.9802   |              0   |       -39.9802   |        5.64934   |   00:00:09   |   00:00:21   |
13000       |        -18.066   |              0   |        -18.066   |         3.5794   |   00:00:09   |   00:00:18   |
13000       |       -22.2629   |              0   |       -22.2629   |        3.97335   |   00:00:09   |   00:00:18   |
14000       |       -24.0332   |              0   |       -24.0332   |        4.02156   |   00:00:10   |   00:00:18   |
14000       |       -15.1636   |              0   |       -15.1636   |        3.01779   |   00:00:10   |   00:00:18   |
15000       |       -20.4576   |              0   |       -20.4576   |        3.71444   |   00:00:10   |   00:00:16   |
15000       |       -32.6186   |              0   |       -32.6186   |        5.01216   |   00:00:10   |   00:00:16   |
16000       |       -31.9651   |              0   |       -31.9651   |        4.84549   |   00:00:10   |   00:00:15   |
16000       |       -39.6221   |              0   |       -39.6221   |        5.66759   |   00:00:10   |   00:00:15   |
17000       |       -15.4133   |              0   |       -15.4133   |        3.30469   |   00:00:10   |   00:00:13   |
17000       |       -28.3211   |              0   |       -28.3211   |        4.57198   |   00:00:10   |   00:00:13   |
18000       |       -19.7074   |              0   |       -19.7074   |        3.55198   |   00:00:11   |   00:00:13   |
18000       |       -24.6843   |              0   |       -24.6843   |        4.12947   |   00:00:11   |   00:00:13   |
19000       |       -40.4173   |              0   |       -40.4173   |        5.75986   |   00:00:11   |   00:00:12   |
19000       |       -17.4731   |              0   |       -17.4731   |        3.48368   |   00:00:11   |   00:00:12   |


Iter        |      Posterior   |     Likelihood   |          Prior   |             TL   |    elapsed   |        ETA   |
-----------------------------------------------------------------------------------------------------------------------
20000       |       -26.8946   |              0   |       -26.8946   |        4.39227   |   00:00:11   |   00:00:11   |


Iter        |      Posterior   |     Likelihood   |          Prior   |             TL   |    elapsed   |        ETA   |
-----------------------------------------------------------------------------------------------------------------------
20000       |       -29.8708   |              0   |       -29.8708   |        4.76102   |   00:00:11   |   00:00:11   |
21000       |       -26.5002   |              0   |       -26.5002   |        4.42294   |   00:00:11   |   00:00:09   |
21000       |       -36.0091   |              0   |       -36.0091   |        5.30679   |   00:00:11   |   00:00:09   |
22000       |       -26.7006   |              0   |       -26.7006   |        4.26115   |   00:00:12   |   00:00:09   |
22000       |       -18.9524   |              0   |       -18.9524   |        3.67018   |   00:00:12   |   00:00:09   |
23000       |       -31.2014   |              0   |       -31.2014   |        4.84811   |   00:00:12   |   00:00:08   |
23000       |        -25.662   |              0   |        -25.662   |         4.1046   |   00:00:12   |   00:00:08   |
24000       |        -30.171   |              0   |        -30.171   |        4.70287   |   00:00:12   |   00:00:08   |
24000       |       -32.7709   |              0   |       -32.7709   |        5.02888   |   00:00:12   |   00:00:08   |
25000       |       -33.9415   |              0   |       -33.9415   |        5.13383   |   00:00:12   |   00:00:07   |
25000       |        -40.577   |              0   |        -40.577   |        5.78801   |   00:00:12   |   00:00:07   |
26000       |       -26.7073   |              0   |       -26.7073   |        4.38599   |   00:00:13   |   00:00:07   |
26000       |       -22.8801   |              0   |       -22.8801   |        3.83355   |   00:00:13   |   00:00:07   |
27000       |       -40.1799   |              0   |       -40.1799   |        5.71011   |   00:00:13   |   00:00:06   |
27000       |       -27.6795   |              0   |       -27.6795   |        4.44111   |   00:00:13   |   00:00:06   |
28000       |       -37.6727   |              0   |       -37.6727   |        5.52525   |   00:00:13   |   00:00:05   |
28000       |       -21.1981   |              0   |       -21.1981   |        3.63913   |   00:00:13   |   00:00:05   |
29000       |        -29.882   |              0   |        -29.882   |        4.72781   |   00:00:13   |   00:00:04   |
29000       |       -38.3483   |              0   |       -38.3483   |        5.52418   |   00:00:13   |   00:00:04   |
30000       |       -20.9652   |              0   |       -20.9652   |        3.86511   |   00:00:14   |   00:00:04   |
30000       |       -28.0514   |              0   |       -28.0514   |        4.44372   |   00:00:14   |   00:00:04   |
31000       |       -18.4773   |              0   |       -18.4773   |        3.62312   |   00:00:14   |   00:00:04   |
31000       |       -26.8162   |              0   |       -26.8162   |         4.4256   |   00:00:14   |   00:00:04   |
32000       |       -32.1711   |              0   |       -32.1711   |        4.96439   |   00:00:14   |   00:00:03   |
32000       |       -19.9969   |              0   |       -19.9969   |        3.71745   |   00:00:14   |   00:00:03   |
33000       |       -29.9756   |              0   |       -29.9756   |        4.77206   |   00:00:14   |   00:00:02   |
33000       |       -34.1643   |              0   |       -34.1643   |        5.15383   |   00:00:14   |   00:00:02   |
34000       |       -27.9261   |              0   |       -27.9261   |        4.54194   |   00:00:15   |   00:00:02   |
34000       |        -31.852   |              0   |        -31.852   |        4.96011   |   00:00:15   |   00:00:02   |
35000       |       -30.5797   |              0   |       -30.5797   |         4.8191   |   00:00:15   |   00:00:02   |
35000       |       -25.4098   |              0   |       -25.4098   |          4.265   |   00:00:15   |   00:00:02   |
36000       |       -25.7175   |              0   |       -25.7175   |        4.29458   |   00:00:15   |   00:00:01   |
36000       |       -31.8287   |              0   |       -31.8287   |        4.95597   |   00:00:15   |   00:00:01   |
37000       |       -16.3335   |              0   |       -16.3335   |        3.16736   |   00:00:15   |   00:00:01   |
37000       |       -20.9685   |              0   |       -20.9685   |        3.84323   |   00:00:15   |   00:00:01   |
38000       |       -29.1827   |              0   |       -29.1827   |        4.69241   |   00:00:16   |   00:00:00   |
38000       |       -25.0448   |              0   |       -25.0448   |         4.1783   |   00:00:16   |   00:00:00   |
39000       |       -28.4967   |              0   |       -28.4967   |        4.42912   |   00:00:16   |   00:00:00   |
39000       |       -23.6109   |              0   |       -23.6109   |        4.08863   |   00:00:16   |   00:00:00   |


Iter        |      Posterior   |     Likelihood   |          Prior   |             TL   |    elapsed   |        ETA   |
-----------------------------------------------------------------------------------------------------------------------
40000       |       -17.9562   |              0   |       -17.9562   |        3.55118   |   00:00:16   |   00:00:00   |


Iter        |      Posterior   |     Likelihood   |          Prior   |             TL   |    elapsed   |        ETA   |
-----------------------------------------------------------------------------------------------------------------------
40000       |       -16.1184   |              0   |       -16.1184   |        3.31253   |   00:00:16   |   00:00:00   |
   Processing file "output/primates_cytb_GTR_Gamma_empty_run_1.trees"
   Processing file "output/primates_cytb_GTR_Gamma_empty_run_2.trees"
