## SLURM PROLOG ###############################################################
##    Job ID : 12327097
##  Job Name : batch1.sh
##  Nodelist : node140
##      CPUs : 4
##  Mem/Node : 16384 MB
## Directory : /gpfs/scratch/guest382/bayes_intro
##   Started : Fri Mar 25 10:28:25 EDT 2016
###############################################################################
module: loading 'git/2.2.1'
module: loading 'revbayes/Mar2016'

RevBayes version 1.0.0 beta 4 (2016-02-05)

Visit the website www.RevBayes.com for more information about RevBayes.

RevBayes is free software released under the GPL license, version 3. Type 'license()' for details.

To quit RevBayes type 'quit()' or 'q()'.


> source("GTR_Gamma_2_test_2.Rev")
   Processing file "GTR_Gamma_2_test_2.Rev"
   Successfully read one character matrix from file 'data/primates_cytb.nex'

   Running MCMC simulation
   This simulation runs 2 independent replicates.
   The simulator uses 48 different moves in a random move schedule with 52 moves per iteration

Iter        |      Posterior   |     Likelihood   |          Prior   |             TL   |    elapsed   |        ETA   |
-----------------------------------------------------------------------------------------------------------------------
0           |       -23338.8   |       -23313.9   |       -24.8578   |        4.34503   |   00:00:00   |   --:--:--   |
1000        |       -13165.1   |       -13102.8   |       -62.2728   |        8.13652   |   00:01:20   |   --:--:--   |
2000        |       -13155.5   |       -13088.3   |       -67.1865   |        8.62861   |   00:02:39   |   00:50:21   |
3000        |       -13153.4   |       -13093.7   |       -59.7099   |        7.88089   |   00:03:58   |   00:48:55   |
4000        |         -13157   |       -13095.1   |       -61.8825   |        8.09775   |   00:05:16   |   00:47:24   |
5000        |       -13150.3   |         -13090   |       -60.3002   |        7.93914   |   00:07:07   |   00:49:49   |
6000        |       -13165.3   |       -13096.7   |       -68.5894   |        8.76909   |   00:09:18   |   00:52:42   |
7000        |         -13153   |       -13074.7   |       -78.2584   |        9.73608   |   00:12:07   |   00:57:07   |
8000        |       -13165.9   |       -13102.1   |       -63.8074   |        8.29067   |   00:13:52   |   00:55:28   |
9000        |       -13152.4   |       -13097.5   |       -54.9358   |        7.40329   |   00:15:09   |   00:52:11   |
10000       |       -13150.5   |       -13088.3   |       -62.2066   |        8.13018   |   00:16:28   |   00:49:24   |
11000       |       -13165.7   |       -13100.6   |       -65.1151   |        8.42143   |   00:17:48   |   00:46:55   |
12000       |         -13148   |       -13087.7   |       -60.3441   |        7.94403   |   00:19:07   |   00:44:36   |
13000       |       -13152.8   |       -13091.2   |       -61.5278   |         8.0625   |   00:20:24   |   00:42:22   |
14000       |         -13159   |       -13095.8   |       -63.1953   |        8.22913   |   00:21:42   |   00:40:18   |
15000       |       -13161.9   |       -13087.9   |       -73.9866   |        9.30869   |   00:22:59   |   00:38:18   |
16000       |       -13150.9   |       -13098.4   |       -52.5315   |        7.16299   |   00:24:18   |   00:36:27   |
17000       |       -13154.1   |       -13082.6   |       -71.4734   |        9.05743   |   00:25:36   |   00:34:38   |
18000       |       -13150.5   |       -13085.9   |       -64.5187   |        8.36173   |   00:26:55   |   00:32:53   |
19000       |         -13150   |       -13102.9   |       -47.1046   |        6.61907   |   00:28:14   |   00:31:12   |


Iter        |      Posterior   |     Likelihood   |          Prior   |             TL   |    elapsed   |        ETA   |
-----------------------------------------------------------------------------------------------------------------------
20000       |       -13153.6   |       -13084.3   |       -69.3354   |        8.84312   |   00:29:33   |   00:29:33   |
21000       |       -13151.7   |       -13089.1   |       -62.5608   |        8.16601   |   00:30:51   |   00:27:54   |
22000       |       -13161.2   |       -13098.9   |        -62.302   |        8.13968   |   00:32:09   |   00:26:18   |
23000       |       -13160.1   |       -13086.7   |       -73.3637   |        9.24587   |   00:33:26   |   00:24:42   |
24000       |       -13150.9   |       -13081.8   |       -69.0309   |        8.81311   |   00:34:45   |   00:23:10   |
25000       |         -13155   |       -13080.3   |       -74.7601   |        9.38608   |   00:36:04   |   00:21:38   |
26000       |       -13156.4   |       -13093.6   |       -62.8051   |        8.19007   |   00:37:22   |   00:20:07   |
27000       |       -13160.3   |       -13092.3   |       -67.9757   |        8.70732   |   00:38:40   |   00:18:37   |
28000       |       -13159.1   |       -13094.8   |       -64.2974   |        8.33966   |   00:39:58   |   00:17:07   |
29000       |       -13157.4   |       -13084.8   |       -72.5631   |        9.16685   |   00:41:15   |   00:15:38   |
30000       |       -13153.3   |       -13082.5   |        -70.823   |        8.99238   |   00:42:32   |   00:14:10   |
31000       |         -13154   |       -13100.8   |       -53.2007   |        7.22952   |   00:43:49   |   00:12:43   |
32000       |       -13147.9   |       -13090.9   |       -57.0261   |        7.61232   |   00:45:06   |   00:11:16   |
33000       |         -13158   |       -13088.9   |       -69.1229   |        8.82231   |   00:46:23   |   00:09:50   |
34000       |       -13160.4   |       -13085.3   |       -75.1416   |        9.42412   |   00:47:40   |   00:08:24   |
35000       |       -13157.6   |       -13093.5   |       -64.1637   |        8.32623   |   00:48:57   |   00:06:59   |
36000       |       -13158.5   |       -13095.9   |       -62.6298   |        8.17273   |   00:50:14   |   00:05:34   |
37000       |       -13167.6   |       -13097.2   |       -70.3924   |        8.94933   |   00:51:31   |   00:04:10   |
38000       |       -13140.8   |         -13096   |       -44.7944   |        6.38817   |   00:52:49   |   00:02:46   |
39000       |       -13148.3   |       -13086.9   |       -61.3603   |        8.04605   |   00:54:07   |   00:01:23   |


Iter        |      Posterior   |     Likelihood   |          Prior   |             TL   |    elapsed   |        ETA   |
-----------------------------------------------------------------------------------------------------------------------
40000       |       -13146.4   |       -13095.4   |       -50.9588   |        7.00528   |   00:55:25   |   00:00:00   |
   Processing file "output/primates_cytb_GTR_Gamma_2_run_1.trees"
   Processing file "output/primates_cytb_GTR_Gamma_2_run_2.trees"
   Compiling MAP tree from 4001 trees in tree trace, using a burnin of 1000 trees.
   Compiling 95% HPD node ages from 4001 total trees in tree trace, using a burnin of 1000 trees.
   Annotating tree ...
   Compiling MAP tree from 4001 trees in tree trace, using a burnin of 1000 trees.
   Compiling 95% HPD node ages from 4001 total trees in tree trace, using a burnin of 1000 trees.
   Annotating tree ...
